[2017-02-17 17:20:18 driver.web.selenium] INFO Run command {u'quit': u'QUIT'}
[2017-02-17 17:20:34 driver.web.selenium] INFO Run command {u'OPERATION': u'GET', u'OBJECT': u'300000002', u'TYPE': u'PAGE'}
[2017-02-17 17:20:48 driver.web.selenium] INFO Run command {u'DATA': u'\u771f\u7684', u'OPERATION': u'INPUT', u'OBJECT': u'330000002', u'TYPE': u'WIDGET'}
[2017-02-17 17:21:14 driver.web.selenium] INFO Run command {u'OPERATION': u'GET', u'OBJECT': u'300000002', u'TYPE': u'PAGE'}
[2017-02-17 17:21:47 driver.web.selenium] INFO Run command {u'OPERATION': u'GET', u'OBJECT': u'300000002', u'TYPE': u'PAGE'}
[2017-02-17 17:27:05 driver.web.selenium] INFO Run command {u'quit': u'QUIT'}
[2017-02-17 17:27:26 driver.web.selenium] INFO Run command {u'OPERATION': u'GET', u'OBJECT': u'300000002', u'TYPE': u'PAGE'}
[2017-02-17 17:27:54 driver.web.selenium] INFO Run command {u'OPERATION': u'GET', u'OBJECT': u'300000002', u'TYPE': u'PAGE'}
[2017-02-17 17:28:03 driver.web.selenium] INFO Run command {u'DATA': u'\u771f\u7684', u'OPERATION': u'INPUT', u'OBJECT': u'330000002', u'TYPE': u'WIDGET'}
[2017-02-17 17:34:53 driver.web.selenium] INFO Run command {u'quit': u'QUIT'}
[2017-02-17 17:35:15 driver.web.selenium] INFO Run command {u'OPERATION': u'GET', u'OBJECT': u'300000002', u'TYPE': u'PAGE'}
[2017-02-17 17:36:06 driver.web.selenium] INFO Run command {u'quit': u'QUIT'}
[2017-02-17 17:36:51 driver.web.selenium] INFO Run command {u'OPERATION': u'GET', u'OBJECT': u'300000002', u'TYPE': u'PAGE'}
[2017-02-17 17:37:04 driver.web.selenium] INFO Run command {u'DATA': u'\u771f\u7684', u'OPERATION': u'INPUT', u'OBJECT': u'330000002', u'TYPE': u'WIDGET'}
[2017-02-17 17:37:50 driver.web.selenium] INFO Run command {u'quit': u'QUIT'}
[2017-02-17 17:38:06 driver.web.selenium] INFO Run command {u'OPERATION': u'GET', u'OBJECT': u'300000002', u'TYPE': u'PAGE'}
[2017-02-17 17:38:19 driver.web.selenium] INFO Run command {u'DATA': u'\u771f\u7684', u'OPERATION': u'INPUT', u'OBJECT': u'330000002', u'TYPE': u'WIDGET'}
[2017-02-17 17:39:08 driver.web.selenium] INFO Run command {u'quit': u'QUIT'}
[2017-02-17 17:40:03 driver.web.selenium] INFO Run command {u'quit': u'QUIT'}
[2017-02-17 17:40:31 driver.web.selenium] INFO Run command {u'OPERATION': u'GET', u'OBJECT': u'300000002', u'TYPE': u'PAGE'}
[2017-02-17 17:40:44 driver.web.selenium] INFO Run command {u'DATA': u'\u771f\u7684', u'OPERATION': u'INPUT', u'OBJECT': u'330000002', u'TYPE': u'WIDGET'}
[2017-02-17 17:41:20 driver.web.selenium] INFO Run command {u'quit': u'QUIT'}
[2017-02-17 17:43:30 driver.web.selenium] INFO Run command {u'OPERATION': u'GET', u'OBJECT': u'300000002', u'TYPE': u'PAGE'}
[2017-02-17 17:43:42 driver.web.selenium] INFO Run command {u'DATA': u'\u771f\u7684', u'OPERATION': u'INPUT', u'OBJECT': u'330000002', u'TYPE': u'WIDGET'}
[2017-02-17 17:47:05 driver.web.selenium] INFO Run command {u'OPERATION': u'GET', u'OBJECT': u'300000002', u'TYPE': u'PAGE'}
[2017-02-17 17:52:37 driver.web.selenium] INFO Run command {u'OPERATION': u'GET', u'OBJECT': u'300000002', u'TYPE': u'PAGE'}
[2017-02-17 17:52:53 driver.web.selenium] INFO Run command {u'DATA': u'\u771f\u7684', u'OPERATION': u'INPUT', u'OBJECT': u'330000002', u'TYPE': u'WIDGET'}
[2017-02-17 18:45:36 driver.web.selenium] INFO Run command {u'quit': u'QUIT'}
[2017-02-20 13:37:45 driver.web.selenium] INFO Run command {u'OPERATION': u'GET', u'OBJECT': u'300000002', u'TYPE': u'PAGE'}
[2017-02-20 13:40:52 driver.web.selenium] INFO Run command {u'OPERATION': u'GET', u'OBJECT': u'300000002', u'TYPE': u'PAGE'}
[2017-02-20 13:43:27 driver.web.selenium] INFO Run command {u'DATA': u'\u771f\u7684', u'OPERATION': u'INPUT', u'OBJECT': u'330000002', u'TYPE': u'WIDGET'}
[2017-02-20 13:43:55 driver.web.selenium] INFO Run command {u'OPERATION': u'GET', u'OBJECT': u'300000002', u'TYPE': u'PAGE'}
[2017-02-20 13:45:23 driver.web.selenium] INFO Run command {u'quit': u'QUIT'}
[2017-02-20 13:46:29 driver.web.selenium] INFO Run command {u'quit': u'QUIT'}
[2017-02-20 13:46:43 driver.web.selenium] INFO Run command {u'OPERATION': u'GET', u'OBJECT': u'300000002', u'TYPE': u'PAGE'}
[2017-02-20 13:49:27 driver.web.selenium] ERROR time out
[2017-02-20 13:49:27 driver.web.selenium] ERROR Traceback (most recent call last):
  File "/Users/zhaojingping/PycharmProjects/AuxiTools/test/OrcTestToolsKit/OrcDriver/Web/WebDriver.py", line 56, in start
    _cmd = json.loads(connection.recv(1024))
timeout: timed out

[2017-02-20 18:17:40 driver.web.selenium] INFO Run command {u'quit': u'QUIT'}
[2017-02-20 18:18:28 driver.web.selenium] INFO Run command {u'quit': u'QUIT'}
[2017-02-21 17:53:05 driver.web.selenium] INFO Run command {u'quit': u'QUIT'}
[2017-02-23 17:20:01 driver.web.selenium] INFO Run command {u'quit': u'QUIT'}
[2017-02-23 17:53:55 driver.web.selenium] INFO Run command {u'TYPE': u'PAGE', u'OBJECT': u'300000002', u'ENV': u'TEST', u'OPERATION': u'GET', u'DATA': u'', u'BROWSER': u'FIREFOX'}
[2017-02-23 17:54:34 driver.web.selenium] INFO Run command {u'TYPE': u'WIDGET', u'OBJECT': u'330000002', u'ENV': u'TEST', u'OPERATION': u'INPUT', u'DATA': u'abc', u'BROWSER': u'FIREFOX'}
[2017-02-23 21:41:31 driver.web.selenium] INFO Run command {u'quit': u'QUIT'}
[2017-02-24 10:54:43 driver.web.selenium] INFO Run command {u'quit': u'QUIT'}
[2017-02-24 10:58:27 driver.web.selenium] INFO Run command {u'quit': u'QUIT'}
[2017-02-24 10:59:05 driver.web.selenium] INFO Run command {u'quit': u'QUIT'}
[2017-02-24 10:59:51 driver.web.selenium] INFO Run command {u'quit': u'QUIT'}
[2017-02-24 11:00:54 driver.web.selenium] INFO Run command {u'quit': u'QUIT'}
[2017-02-24 11:02:14 driver.web.selenium] INFO Run command {u'quit': u'QUIT'}
[2017-02-24 11:05:23 driver.web.selenium] INFO Run command {u'quit': u'QUIT'}
[2017-02-27 15:14:14 driver.web.selenium] INFO Run command {u'quit': u'QUIT'}
[2017-02-27 16:55:25 driver.web.selenium] INFO Run command {u'quit': u'QUIT'}
[2017-03-01 16:02:50 driver.web.selenium] INFO Run command {u'quit': u'QUIT'}
[2017-03-01 16:15:50 driver.web.selenium] INFO Run command {u'quit': u'QUIT'}
[2017-03-01 16:49:37 driver.web.selenium] INFO Run command {u'quit': u'QUIT'}
[2017-03-01 17:05:01 driver.web.selenium] INFO Run command {u'quit': u'QUIT'}
[2017-03-01 17:22:44 driver.web.selenium] INFO Run command {u'quit': u'QUIT'}
[2017-03-01 17:25:27 driver.web.selenium] INFO Run command {u'quit': u'QUIT'}
[2017-03-01 17:25:54 driver.web.selenium] INFO Run command {u'quit': u'QUIT'}
[2017-03-01 17:30:14 driver.web.selenium] INFO Run command {u'quit': u'QUIT'}
[2017-03-01 17:31:20 driver.web.selenium] INFO Run command {u'quit': u'QUIT'}
[2017-03-01 17:32:05 driver.web.selenium] INFO Run command {u'quit': u'QUIT'}
[2017-03-01 17:34:26 driver.web.selenium] INFO Run command {u'quit': u'QUIT'}
[2017-03-01 17:35:06 driver.web.selenium] INFO Run command {u'quit': u'QUIT'}
[2017-03-01 17:43:08 driver.web.selenium] INFO Run command {u'quit': u'QUIT'}
[2017-03-01 17:51:07 driver.web.selenium] INFO Run command {u'quit': u'QUIT'}
[2017-03-01 17:51:24 driver.web.selenium] INFO Run command {u'quit': u'QUIT'}
[2017-03-01 17:53:22 driver.web.selenium] INFO Run command {u'quit': u'QUIT'}
[2017-03-01 17:59:06 driver.web.selenium] INFO Run command {u'quit': u'QUIT'}
[2017-03-01 18:00:30 driver.web.selenium] INFO Run command {u'quit': u'QUIT'}
[2017-03-01 18:00:49 driver.web.selenium] INFO Run command {u'quit': u'QUIT'}
[2017-03-01 18:04:35 driver.web.selenium] INFO Run command {u'quit': u'QUIT'}
[2017-03-01 18:06:20 driver.web.selenium] INFO Run command {u'quit': u'QUIT'}
[2017-03-01 18:15:20 driver.web.selenium] INFO Run command {u'quit': u'QUIT'}
[2017-03-01 18:19:10 driver.web.selenium] INFO Run command {u'quit': u'QUIT'}
[2017-03-01 18:49:14 driver.web.selenium] INFO Run command {u'quit': u'QUIT'}
[2017-03-01 18:50:12 driver.web.selenium] INFO Run command {u'quit': u'QUIT'}
[2017-03-01 18:53:34 driver.web.selenium] INFO Run command {u'quit': u'QUIT'}
[2017-03-01 18:54:58 driver.web.selenium] INFO Run command {u'quit': u'QUIT'}
[2017-03-01 18:55:30 driver.web.selenium] INFO Run command {u'quit': u'QUIT'}
[2017-03-01 18:56:28 driver.web.selenium] INFO Run command {u'quit': u'QUIT'}
[2017-03-01 18:59:50 driver.web.selenium] INFO Run command {u'quit': u'QUIT'}
[2017-03-01 19:02:42 driver.web.selenium] INFO Run command {u'quit': u'QUIT'}
[2017-03-01 19:09:35 driver.web.selenium] INFO Run command {u'quit': u'QUIT'}
[2017-03-02 10:16:09 driver.web.selenium] INFO Run command {u'quit': u'QUIT'}
[2017-03-02 10:18:53 driver.web.selenium] INFO Run command {u'quit': u'QUIT'}
[2017-03-02 10:25:23 driver.web.selenium] INFO Run command {u'quit': u'QUIT'}
[2017-03-02 10:36:35 driver.web.selenium] INFO Run command {u'quit': u'QUIT'}
[2017-03-02 10:43:38 driver.web.selenium] INFO Run command {u'quit': u'QUIT'}
[2017-03-02 10:46:58 driver.web.selenium] INFO Run command {u'quit': u'QUIT'}
[2017-03-02 10:47:13 driver.web.selenium] INFO Run command {u'quit': u'QUIT'}
[2017-03-02 10:48:53 driver.web.selenium] INFO Run command {u'quit': u'QUIT'}
[2017-03-02 10:51:54 driver.web.selenium] INFO Run command {u'quit': u'QUIT'}
[2017-03-02 13:21:42 driver.web.selenium] INFO Run command {u'quit': u'QUIT'}
[2017-03-02 13:31:10 driver.web.selenium] INFO Run command {u'quit': u'QUIT'}
[2017-03-02 13:33:06 driver.web.selenium] INFO Run command {u'quit': u'QUIT'}
[2017-03-02 14:07:47 driver.web.selenium] INFO Run command {u'quit': u'QUIT'}
[2017-03-02 14:18:51 driver.web.selenium] INFO Run command {u'quit': u'QUIT'}
[2017-03-02 15:03:00 driver.web.selenium] INFO Run command {u'quit': u'QUIT'}
[2017-03-02 15:22:50 driver.web.selenium] INFO Run command {u'quit': u'QUIT'}
[2017-03-02 15:24:54 driver.web.selenium] INFO Run command {u'quit': u'QUIT'}
[2017-03-02 15:32:20 driver.web.selenium] INFO Run command {u'quit': u'QUIT'}
[2017-03-02 15:46:18 driver.web.selenium] INFO Run command {u'quit': u'QUIT'}
[2017-03-02 15:49:37 driver.web.selenium] INFO Run command {u'quit': u'QUIT'}
[2017-03-02 15:52:34 driver.web.selenium] INFO Run command {u'quit': u'QUIT'}
[2017-03-02 16:24:06 driver.web.selenium] INFO Run command {u'quit': u'QUIT'}
[2017-03-02 16:46:37 driver.web.selenium] INFO Run command {u'quit': u'QUIT'}
[2017-03-02 16:50:02 driver.web.selenium] INFO Run command {u'quit': u'QUIT'}
[2017-03-02 17:03:53 driver.web.selenium] INFO Run command {u'quit': u'QUIT'}
[2017-03-02 17:04:06 driver.web.selenium] INFO Run command {u'quit': u'QUIT'}
[2017-03-02 17:07:23 driver.web.selenium] INFO Run command {u'quit': u'QUIT'}
[2017-03-02 17:08:56 driver.web.selenium] INFO Run command {u'quit': u'QUIT'}
[2017-03-02 17:15:31 driver.web.selenium] INFO Run command {u'quit': u'QUIT'}
[2017-03-02 17:16:04 driver.web.selenium] INFO Run command {u'quit': u'QUIT'}
[2017-03-02 17:30:17 driver.web.selenium] INFO Run command {u'quit': u'QUIT'}
[2017-03-02 18:00:57 driver.web.selenium] INFO Run command {u'quit': u'QUIT'}
[2017-03-02 18:15:12 driver.web.selenium] INFO Run command {u'quit': u'QUIT'}
[2017-03-03 16:33:34 driver.web.selenium] INFO Run command {u'quit': u'QUIT'}
[2017-03-03 16:39:11 driver.web.selenium] INFO Run command {u'quit': u'QUIT'}
[2017-03-03 16:41:18 driver.web.selenium] INFO Run command {u'quit': u'QUIT'}
[2017-03-03 16:41:41 driver.web.selenium] INFO Run command {u'quit': u'QUIT'}
[2017-03-03 16:45:26 driver.web.selenium] INFO Run command {u'quit': u'QUIT'}
[2017-03-03 17:00:27 driver.web.selenium] INFO Run command {u'quit': u'QUIT'}
[2017-03-03 17:22:04 driver.web.selenium] INFO Run command {u'quit': u'QUIT'}
[2017-03-03 17:37:08 driver.web.selenium] INFO Run command {u'quit': u'QUIT'}
[2017-03-03 17:45:15 driver.web.selenium] INFO Run command {u'quit': u'QUIT'}
[2017-03-03 17:46:43 driver.web.selenium] INFO Run command {u'quit': u'QUIT'}
[2017-03-03 17:47:41 driver.web.selenium] INFO Run command {u'quit': u'QUIT'}
[2017-03-03 17:50:16 driver.web.selenium] INFO Run command {u'quit': u'QUIT'}
[2017-03-03 17:52:52 driver.web.selenium] INFO Run command {u'quit': u'QUIT'}
[2017-03-03 17:54:50 driver.web.selenium] INFO Run command {u'quit': u'QUIT'}
[2017-03-03 17:55:47 driver.web.selenium] INFO Run command {u'quit': u'QUIT'}
[2017-03-03 18:02:35 driver.web.selenium] INFO Run command {u'quit': u'QUIT'}
[2017-03-03 18:04:41 driver.web.selenium] INFO Run command {u'quit': u'QUIT'}
[2017-03-03 18:10:11 driver.web.selenium] INFO Run command {u'quit': u'QUIT'}
[2017-03-03 18:13:12 driver.web.selenium] INFO Run command {u'quit': u'QUIT'}
[2017-03-03 18:26:53 driver.web.selenium] INFO Run command {u'quit': u'QUIT'}
[2017-03-03 18:42:59 driver.web.selenium] INFO Run command {u'quit': u'QUIT'}
[2017-03-03 19:09:23 driver.web.selenium] INFO Run command {u'quit': u'QUIT'}
[2017-03-04 13:02:56 driver.web.selenium] INFO Run command {u'quit': u'QUIT'}
[2017-03-04 13:04:05 driver.web.selenium] INFO Run command {u'quit': u'QUIT'}
[2017-03-04 13:08:57 driver.web.selenium] INFO Run command {u'quit': u'QUIT'}
[2017-03-04 13:10:55 driver.web.selenium] INFO Run command {u'quit': u'QUIT'}
[2017-03-04 13:11:59 driver.web.selenium] INFO Run command {u'quit': u'QUIT'}
[2017-03-04 13:12:48 driver.web.selenium] INFO Run command {u'quit': u'QUIT'}
[2017-03-04 14:12:50 driver.web.selenium] INFO Run command {u'quit': u'QUIT'}
[2017-03-04 15:45:21 driver.web.selenium] INFO Run command {u'quit': u'QUIT'}
[2017-03-04 15:48:07 driver.web.selenium] INFO Run command {u'quit': u'QUIT'}
[2017-03-04 15:50:08 driver.web.selenium] INFO Run command {u'quit': u'QUIT'}
[2017-03-04 15:50:53 driver.web.selenium] INFO Run command {u'quit': u'QUIT'}
[2017-03-04 15:59:56 driver.web.selenium] INFO Run command {u'quit': u'QUIT'}
[2017-03-04 16:16:44 driver.web.selenium] INFO Run command {u'quit': u'QUIT'}
[2017-03-04 16:19:55 driver.web.selenium] INFO Run command {u'quit': u'QUIT'}
[2017-03-06 10:13:50 driver.web.selenium] INFO Run command {u'quit': u'QUIT'}
[2017-03-06 15:26:22 driver.web.selenium] INFO Run command {u'quit': u'QUIT'}
[2017-03-06 17:40:21 driver.web.selenium] INFO Run command {u'quit': u'QUIT'}
[2017-03-06 18:13:29 driver.web.selenium] INFO Run command {u'quit': u'QUIT'}
[2017-03-06 18:14:02 driver.web.selenium] INFO Run command {u'quit': u'QUIT'}
[2017-03-06 18:23:34 driver.web.selenium] INFO Run command {u'quit': u'QUIT'}
[2017-03-07 11:21:59 driver.web.selenium] INFO Run command {u'quit': u'QUIT'}
[2017-03-07 14:21:36 driver.web.selenium] INFO Run command {u'quit': u'QUIT'}
[2017-03-07 14:23:10 driver.web.selenium] INFO Run command {u'quit': u'QUIT'}
[2017-03-07 15:06:16 driver.web.selenium] INFO Run command {u'quit': u'QUIT'}
[2017-03-07 15:11:43 driver.web.selenium] INFO Run command {u'quit': u'QUIT'}
[2017-03-08 09:24:35 driver.web.selenium] INFO Run command {u'quit': u'QUIT'}
[2017-03-08 09:29:25 driver.web.selenium] INFO Run command {u'quit': u'QUIT'}
[2017-03-08 09:30:50 driver.web.selenium] INFO Run command {u'quit': u'QUIT'}
[2017-03-08 09:31:53 driver.web.selenium] INFO Run command {u'quit': u'QUIT'}
[2017-03-08 09:32:13 driver.web.selenium] INFO Run command {u'quit': u'QUIT'}
[2017-03-08 09:41:50 driver.web.selenium] INFO Run command {u'quit': u'QUIT'}
[2017-03-08 09:42:17 driver.web.selenium] INFO Run command {u'quit': u'QUIT'}
[2017-03-08 09:43:01 driver.web.selenium] INFO Run command {u'quit': u'QUIT'}
[2017-03-08 09:43:39 driver.web.selenium] INFO Run command {u'quit': u'QUIT'}
[2017-03-08 09:44:21 driver.web.selenium] INFO Run command {u'quit': u'QUIT'}
[2017-03-08 09:44:46 driver.web.selenium] INFO Run command {u'quit': u'QUIT'}
[2017-03-08 09:45:16 driver.web.selenium] INFO Run command {u'quit': u'QUIT'}
[2017-03-08 09:45:33 driver.web.selenium] INFO Run command {u'quit': u'QUIT'}
[2017-03-08 09:45:52 driver.web.selenium] INFO Run command {u'quit': u'QUIT'}
[2017-03-08 09:46:07 driver.web.selenium] INFO Run command {u'quit': u'QUIT'}
[2017-03-08 09:46:30 driver.web.selenium] INFO Run command {u'quit': u'QUIT'}
[2017-03-08 10:17:59 driver.web.selenium] INFO Run command {u'quit': u'QUIT'}
[2017-03-08 10:18:09 driver.web.selenium] INFO Run command {u'quit': u'QUIT'}
[2017-03-08 10:22:10 driver.web.selenium] INFO Run command {u'quit': u'QUIT'}
[2017-03-08 10:30:46 driver.web.selenium] INFO Run command {u'quit': u'QUIT'}
[2017-03-08 10:34:24 driver.web.selenium] INFO Run command {u'quit': u'QUIT'}
[2017-03-08 10:48:58 driver.web.selenium] INFO Run command {u'quit': u'QUIT'}
[2017-03-08 10:49:46 driver.web.selenium] INFO Run command {u'quit': u'QUIT'}
[2017-03-08 11:13:20 driver.web.selenium] INFO Run command {u'quit': u'QUIT'}
[2017-03-08 13:51:20 driver.web.selenium] INFO Run command {u'OPERATION': u'GET', u'OBJECT': u'300000002', u'TYPE': u'PAGE'}
[2017-03-08 13:51:20 driver.web.selenium] ERROR 'NoneType' object has no attribute 'rfind'
[2017-03-08 13:51:20 driver.web.selenium] ERROR Traceback (most recent call last):
  File "/Users/zhaojingping/PycharmProjects/AuxiTools/test/OrcTestToolsKit/OrcDriver/Web/WebDriver.py", line 70, in start
    _result = self.__execute(_cmd)
  File "/Users/zhaojingping/PycharmProjects/AuxiTools/test/OrcTestToolsKit/OrcDriver/Web/WebDriver.py", line 95, in __execute
    _status = self.__get_page(p_cmd)
  File "/Users/zhaojingping/PycharmProjects/AuxiTools/test/OrcTestToolsKit/OrcDriver/Web/WebDriver.py", line 162, in __get_page
    self.__root = webdriver.Ie(executable_path=driver_path)
  File "/Library/Python/2.7/site-packages/selenium/webdriver/ie/webdriver.py", line 49, in __init__
    self.iedriver.start()
  File "/Library/Python/2.7/site-packages/selenium/webdriver/common/service.py", line 83, in start
    (os.path.basename(self.path), self.start_error_message, str(e)))
  File "/System/Library/Frameworks/Python.framework/Versions/2.7/lib/python2.7/posixpath.py", line 114, in basename
    i = p.rfind('/') + 1
AttributeError: 'NoneType' object has no attribute 'rfind'

[2017-03-08 13:52:01 driver.web.selenium] INFO Run command {u'OPERATION': u'GET', u'OBJECT': u'300000002', u'TYPE': u'PAGE'}
[2017-03-08 13:53:16 driver.web.selenium] INFO Run command {u'quit': u'QUIT'}
[2017-03-10 09:22:16 driver.web.selenium] INFO Run command {u'quit': u'QUIT'}
