[2017-08-07 10:00:43 driver.web.sql] ERROR abc
[2017-08-07 10:00:43 driver.web.sql] ERROR Traceback (most recent call last):
  File "/Users/zhaojingping/PycharmProjects/AuxiTools/test/OrcTestToolsKit/OrcApi/DataBase/DataBaseBus.py", line 36, in bus_list_search
    print p_cond['id']
KeyError: 'id'

[2017-08-07 10:01:03 driver.web.sql] ERROR abc
[2017-08-07 10:01:03 driver.web.sql] ERROR Traceback (most recent call last):
  File "/Users/zhaojingping/PycharmProjects/AuxiTools/test/OrcTestToolsKit/OrcApi/DataBase/DataBaseBus.py", line 36, in bus_list_search
    print p_cond['id']
KeyError: 'id'

[2017-08-07 10:01:18 driver.web.sql] ERROR abc
[2017-08-07 10:01:18 driver.web.sql] ERROR Traceback (most recent call last):
  File "/Users/zhaojingping/PycharmProjects/AuxiTools/test/OrcTestToolsKit/OrcApi/DataBase/DataBaseBus.py", line 36, in bus_list_search
    print p_cond['id']
KeyError: 'id'

[2017-08-07 10:11:37 driver.web.sql] ERROR abc
[2017-08-07 10:11:37 driver.web.sql] ERROR Traceback (most recent call last):
  File "/Users/zhaojingping/PycharmProjects/AuxiTools/test/OrcTestToolsKit/OrcApi/DataBase/DataBaseBus.py", line 32, in bus_list_search
    result = self._bus_data_src.bus_search(condition.value(['ID']))
  File "/Users/zhaojingping/PycharmProjects/AuxiTools/test/OrcTestToolsKit/OrcLib/LibProgram.py", line 166, in value
    return self._default if p_key not in self._data else self._data[p_key]
TypeError: unhashable type: 'list'

[2017-08-07 10:13:50 driver.web.sql] ERROR abc
[2017-08-07 10:13:50 driver.web.sql] ERROR Traceback (most recent call last):
  File "/Users/zhaojingping/PycharmProjects/AuxiTools/test/OrcTestToolsKit/OrcApi/DataBase/DataBaseBus.py", line 33, in bus_list_search
    result = self._bus_data_src.bus_search(condition.value(['ID']))
  File "/Users/zhaojingping/PycharmProjects/AuxiTools/test/OrcTestToolsKit/OrcLib/LibProgram.py", line 166, in value
    return self._default if p_key not in self._data else self._data[p_key]
TypeError: unhashable type: 'list'

[2017-08-07 10:14:41 driver.web.sql] ERROR abc
[2017-08-07 10:14:41 driver.web.sql] ERROR Traceback (most recent call last):
  File "/Users/zhaojingping/PycharmProjects/AuxiTools/test/OrcTestToolsKit/OrcApi/DataBase/DataBaseBus.py", line 34, in bus_list_search
    result = self._bus_data_src.bus_search(condition.value(['ID']))
  File "/Users/zhaojingping/PycharmProjects/AuxiTools/test/OrcTestToolsKit/OrcLib/LibProgram.py", line 166, in value
    return self._default if p_key not in self._data else self._data[p_key]
TypeError: unhashable type: 'list'

